[2025-06-27 08:31:32] [ INFO ] [AuthController:59] Nuevo registro: RegisterRequest(username=JorgeLeves, password=12345678, email=jlinformatic91@gmail.com)
[2025-06-27 08:31:33] [ INFO ] [UserServiceImpl:31] Inicio de registro de usuario
[2025-06-27 08:31:33] [ INFO ] [UserServiceImpl:41] Registro exitoso
[2025-06-27 08:31:33] [ INFO ] [UserServiceImpl:48] Envio de email
[2025-06-27 08:31:33] [ INFO ] [AuthService:116] Usuario registrado y guardado en base de datos
[2025-06-27 08:31:33] [ INFO ] [AuthService:127] Generacion de token y refresh token ok
[2025-06-27 08:32:02] [ INFO ] [UserServiceImpl:54] Inicio Confirmacion
[2025-06-27 08:32:02] [ INFO ] [UserServiceImpl:58] Enabled User true
[2025-06-27 08:32:02] [ INFO ] [UserServiceImpl:62] Verification email ok
[2025-06-27 08:32:02] [ DEBUG] [cache:45] Couldn't find template in cache for "Confirmacion.ftlh"("es_ES", UTF-8, parsed); will try to load it.
[2025-06-27 08:32:02] [ DEBUG] [cache:45] TemplateLoader.findTemplateSource("Confirmacion_es_ES.ftlh"): Not found
[2025-06-27 08:32:02] [ DEBUG] [cache:45] TemplateLoader.findTemplateSource("Confirmacion_es.ftlh"): Not found
[2025-06-27 08:32:02] [ DEBUG] [cache:45] TemplateLoader.findTemplateSource("Confirmacion.ftlh"): Not found
[2025-06-27 08:45:19] [ INFO ] [AuthController:59] Nuevo registro: RegisterRequest(username=JorgeLeves, password=12345678, email=jlinformatic91@gmail.com)
[2025-06-27 08:45:19] [ INFO ] [UserServiceImpl:31] Inicio de registro de usuario
[2025-06-27 08:45:19] [ INFO ] [UserServiceImpl:41] Registro exitoso
[2025-06-27 08:45:19] [ INFO ] [UserServiceImpl:48] Envio de email
[2025-06-27 08:45:19] [ INFO ] [AuthService:116] Usuario registrado y guardado en base de datos
[2025-06-27 08:45:20] [ INFO ] [AuthService:127] Generacion de token y refresh token ok
[2025-06-27 08:45:42] [ INFO ] [AuthController:104] ForgotPassword create Token.
[2025-06-27 08:45:42] [ INFO ] [PasswordResetServiceImpl:32] [SUCCESS] Usuario encontrado:  jlinformatic91@gmail.com
[2025-06-27 08:45:42] [ INFO ] [PasswordResetServiceImpl:42] [SUCCESS] Token guardado al usuario: com.Login.Email.Model.User@13df833b
[2025-06-27 08:46:09] [ INFO ] [AuthController:111] validation token
[2025-06-27 08:46:09] [ INFO ] [PasswordResetServiceImpl:54] [SUCCESS] token valido
[2025-06-27 08:48:19] [ INFO ] [AuthController:119] init reset passowrd
[2025-06-27 08:48:19] [ INFO ] [PasswordResetServiceImpl:71] [SUCCESS] Usuario {} restableció su contraseña exitosamente :  jlinformatic91@gmail.com
[2025-06-27 08:49:41] [ INFO ] [AuthController:51] Usuario intentado acceder: JorgeLeves
[2025-06-27 08:49:41] [ INFO ] [AuthService:55] Usuario autenticado con exito
[2025-06-27 08:49:41] [ INFO ] [AuthService:76] Creacion de token y refresh token ok
